<?xml version="1.0" encoding="UTF-8"?>
<!-- Generated by org.testng.reporters.JUnitReportReporter -->
<testsuite hostname="home-PC" failures="0" tests="1" name="pom.Explicitexp" time="16.700" errors="0" timestamp="2021-01-12T17:26:22 IST" skipped="0">
  <testcase classname="pom.Explicitexp" name="explicit" time="16.700"/>
  <system-out/>
</testsuite> <!-- pom.Explicitexp -->
