<?xml version="1.0" encoding="UTF-8"?>
<!-- Generated by org.testng.reporters.JUnitReportReporter -->
<testsuite hostname="home-PC" failures="0" tests="1" name="pom.Sumclass" time="0.063" errors="0" timestamp="2021-01-13T16:08:47 IST" skipped="0">
  <testcase classname="pom.Sumclass" name="sum" time="0.063"/>
  <system-out/>
</testsuite> <!-- pom.Sumclass -->
