<?xml version="1.0" encoding="UTF-8"?>
<!-- Generated by org.testng.reporters.JUnitReportReporter -->
<testsuite hostname="home-PC" failures="0" tests="1" name="pom.ParamaterTest" time="14.782" errors="0" timestamp="2021-01-13T16:11:50 IST" skipped="0">
  <testcase classname="pom.ParamaterTest" name="ParameterList" time="14.782"/>
  <system-out/>
</testsuite> <!-- pom.ParamaterTest -->
