<?xml version="1.0" encoding="UTF-8"?>
<!-- Generated by org.testng.reporters.JUnitReportReporter -->
<testsuite hostname="home-PC" failures="0" tests="4" name="pom.LoginTest" time="95.650" errors="0" timestamp="2021-01-16T11:07:53 IST" skipped="0">
  <testcase classname="pom.LoginTest" name="Validateloginwihtblanklogin" time="29.274"/>
  <system-out/>
  <testcase classname="pom.LoginTest" name="Validateloginwithblankusername" time="28.615"/>
  <system-out/>
  <testcase classname="pom.LoginTest" name="ValidateloginwithinvalindCredentials" time="9.776"/>
  <system-out/>
  <testcase classname="pom.LoginTest" name="Validateloginwithpasswordblank" time="27.985"/>
  <system-out/>
</testsuite> <!-- pom.LoginTest -->
